<?xml version="1.0" encoding="UTF-8"?>
<beans xmlns="http://www.springframework.org/schema/beans"
       xmlns:xsi="http://www.w3.org/2001/XMLSchema-instance"
       xmlns:context="http://www.springframework.org/schema/context"
       xmlns:tx="http://www.springframework.org/schema/tx"
       xmlns:p="http://www.springframework.org/schema/p"
       xsi:schemaLocation="http://www.springframework.org/schema/beans http://www.springframework.org/schema/beans/spring-beans.xsd
       http://www.springframework.org/schema/context http://www.springframework.org/schema/context/spring-context-3.2.xsd
       http://www.springframework.org/schema/tx http://www.springframework.org/schema/tx/spring-tx.xsd">

    <context:component-scan base-package="com.bb"/>

    <bean id="propsConfigurer" class="org.springframework.beans.factory.config.PropertyPlaceholderConfigurer"
          p:ignoreResourceNotFound="true"
          p:systemPropertiesModeName="SYSTEM_PROPERTIES_MODE_OVERRIDE"
          p:ignoreUnresolvablePlaceholders="true"
          p:location="META-INF/spring/db-test.properties" />

    <bean id="jpaDialect" class="org.springframework.orm.jpa.vendor.HibernateJpaDialect" />

    <bean id="myDataSource" class="org.apache.commons.dbcp.BasicDataSource" destroy-method="close">
        <property name="driverClassName" value="com.mysql.jdbc.Driver"/>
        <property name="url" value="jdbc:mysql://localhost:3306/sightseeing"/>
        <property name="username" value="root"/>
        <property name="password" value="Xy6stqZ"/>
        <property name="validationQuery" value="SELECT 1"/>
    </bean>

    <bean id="myEntityManager" class="org.springframework.orm.jpa.LocalContainerEntityManagerFactoryBean"
          p:dataSource-ref="myDataSource"
          p:packagesToScan="com.bb.dal"
          p:persistenceUnitName="myEntityManager" >
        <property name="jpaVendorAdapter">
            <bean class="org.springframework.orm.jpa.vendor.HibernateJpaVendorAdapter"/>
        </property>
        <property name="jpaProperties">
            <props>
                <prop key="hibernate.dialect">${database.hibernate.dialect}</prop>
                <prop key="hibernate.show_sql">true</prop>
                <prop key="hibernate.format_sql">true</prop>
                <prop key="hibernate.hbm2ddl.auto">none</prop>
                <prop key="hibernate.jdbc.fetch_size">20</prop>
                <prop key="hibernate.generate_statistics">false</prop>
                <prop key="hibernate.cache.use_structured_entries">false</prop>
                <prop key="hibernate.cache.use_query_cache">false</prop>
<!--                <prop key="hibernate.id.new_generator_mappings">true</prop>
                <prop key="hibernate.cache.provider_class">org.hibernate.cache.HashtableCacheProvider</prop>-->
            </props>
        </property>
    </bean>


    <bean name="transactionManager" class="org.springframework.orm.jpa.JpaTransactionManager"
          p:entityManagerFactory-ref="myEntityManager"
          p:jpaDialect-ref="jpaDialect" />

<!--    <tx:advice id="txAdvice" transaction-manager="transactionManager">
        <tx:attributes>
            <tx:method name="*" rollback-for="java.lang.Exception"/>
        </tx:attributes>
    </tx:advice>
    <tx:annotation-driven />-->

<!--    <bean class="org.springframework.transaction.support.TransactionTemplate">
        <property name="transactionManager" ref="transactionManager" />
    </bean>-->


<!--    &lt;!&ndash; Hibernate Session Factory &ndash;&gt;
    <bean id="mySessionFactory" class="org.springframework.orm.hibernate4.LocalSessionFactoryBean">
        <property name="dataSource" ref="myDataSource"/>
        <property name="packagesToScan">
            <array>
                <value>com.bb.dal</value>
            </array>
        </property>
        <property name="hibernateProperties">
            <value>
                hibernate.dialect=org.hibernate.dialect.MySQLDialect
            </value>
        </property>
    </bean>-->

    <!-- Hibernate Transaction Manager -->
<!--    <bean id="transactionManager" class="org.springframework.orm.hibernate4.HibernateTransactionManager">
        <property name="sessionFactory" ref="mySessionFactory"/>
    </bean>-->

    <!-- Activates annotation based transaction management -->
    <!--<tx:annotation-driven transaction-manager="transactionManager"/>-->

</beans>